<?xml version="1.0" encoding="UTF-8"?>
<!-- Generated by org.testng.reporters.JUnitReportReporter -->
<testsuite skipped="0" hostname="Abduls-Air.home" name="com.TestNG2.TestNG2" tests="1" failures="0" timestamp="2020-03-15T15:24:43 EDT" time="11.997" errors="0">
  <testcase name="runsetup" time="11.997" classname="com.TestNG2.TestNG2"/>
  <system-out/>
</testsuite> <!-- com.TestNG2.TestNG2 -->
